<?xml version="1.0" encoding="UTF-8"?>
<!-- Generated by org.testng.reporters.JUnitXMLReporter -->
<testsuite ignored="0" hostname="LAPTOP-976DUARQ" failures="1" tests="1" name="Test" time="18.484" errors="0" timestamp="2026-02-15T20:45:40 IST">
  <testcase classname="testCases.TC002_LoginTest" name="verify_Login" time="3.428">
    <failure type="java.lang.AssertionError" message="Login failed expected [false] but found [true]">
      <![CDATA[java.lang.AssertionError: Login failed expected [false] but found [true]
at testCases.TC002_LoginTest.verify_Login(TC002_LoginTest.java:36)
at java.base/java.util.ArrayList.forEach(ArrayList.java:1597)
... Removed 30 stack frames]]>
    </failure>
  </testcase> <!-- verify_Login -->
</testsuite> <!-- Test -->
