<?xml version="1.0" encoding="UTF-8"?>
<testng-results ignored="0" total="2" passed="2" failed="0" skipped="0">
  <reporter-output>
  </reporter-output>
  <suite started-at="2026-02-27T20:16:13 IST" name=" Group Suite" finished-at="2026-02-27T20:16:52 IST" duration-ms="39059">
    <groups>
      <group name="Master">
        <method signature="TC001AccountRegistrationTest.verify_accountRegistration()[pri:0, instance:testCases.TC001AccountRegistrationTest@7e07db1f]" name="verify_accountRegistration" class="testCases.TC001AccountRegistrationTest"/>
        <method signature="TC002_LoginTest.verify_Login()[pri:0, instance:testCases.TC002_LoginTest@1d2adfbe]" name="verify_Login" class="testCases.TC002_LoginTest"/>
      </group> <!-- Master -->
      <group name="Sanity">
        <method signature="TC002_LoginTest.verify_Login()[pri:0, instance:testCases.TC002_LoginTest@1d2adfbe]" name="verify_Login" class="testCases.TC002_LoginTest"/>
      </group> <!-- Sanity -->
      <group name="Regression">
        <method signature="TC001AccountRegistrationTest.verify_accountRegistration()[pri:0, instance:testCases.TC001AccountRegistrationTest@7e07db1f]" name="verify_accountRegistration" class="testCases.TC001AccountRegistrationTest"/>
      </group> <!-- Regression -->
    </groups>
    <test started-at="2026-02-27T20:16:13 IST" name="Test" finished-at="2026-02-27T20:16:52 IST" duration-ms="39059">
      <class name="testCases.TC002_LoginTest">
        <test-method is-config="true" signature="setup(java.lang.String)[pri:0, instance:testCases.TC002_LoginTest@1d2adfbe]" started-at="2026-02-27T20:16:37 IST" name="setup" finished-at="2026-02-27T20:16:46 IST" duration-ms="9543" status="PASS">
          <params>
            <param index="0">
              <value>
                <![CDATA[chrome]]>
              </value>
            </param>
          </params>
          <reporter-output>
          </reporter-output>
        </test-method> <!-- setup -->
        <test-method signature="verify_Login()[pri:0, instance:testCases.TC002_LoginTest@1d2adfbe]" started-at="2026-02-27T20:16:46 IST" name="verify_Login" finished-at="2026-02-27T20:16:51 IST" duration-ms="4732" status="PASS">
          <reporter-output>
          </reporter-output>
        </test-method> <!-- verify_Login -->
        <test-method is-config="true" signature="tear()[pri:0, instance:testCases.TC002_LoginTest@1d2adfbe]" started-at="2026-02-27T20:16:51 IST" name="tear" finished-at="2026-02-27T20:16:52 IST" duration-ms="1230" status="PASS">
          <reporter-output>
          </reporter-output>
        </test-method> <!-- tear -->
      </class> <!-- testCases.TC002_LoginTest -->
      <class name="testCases.TC001AccountRegistrationTest">
        <test-method is-config="true" signature="setup(java.lang.String)[pri:0, instance:testCases.TC001AccountRegistrationTest@7e07db1f]" started-at="2026-02-27T20:16:14 IST" name="setup" finished-at="2026-02-27T20:16:28 IST" duration-ms="13938" status="PASS">
          <params>
            <param index="0">
              <value>
                <![CDATA[chrome]]>
              </value>
            </param>
          </params>
          <reporter-output>
          </reporter-output>
        </test-method> <!-- setup -->
        <test-method signature="verify_accountRegistration()[pri:0, instance:testCases.TC001AccountRegistrationTest@7e07db1f]" started-at="2026-02-27T20:16:29 IST" name="verify_accountRegistration" finished-at="2026-02-27T20:16:36 IST" duration-ms="7513" status="PASS">
          <reporter-output>
          </reporter-output>
        </test-method> <!-- verify_accountRegistration -->
        <test-method is-config="true" signature="tear()[pri:0, instance:testCases.TC001AccountRegistrationTest@7e07db1f]" started-at="2026-02-27T20:16:36 IST" name="tear" finished-at="2026-02-27T20:16:37 IST" duration-ms="764" status="PASS">
          <reporter-output>
          </reporter-output>
        </test-method> <!-- tear -->
      </class> <!-- testCases.TC001AccountRegistrationTest -->
    </test> <!-- Test -->
  </suite> <!--  Group Suite -->
</testng-results>
