<?xml version="1.0" encoding="UTF-8"?>
<testng-results ignored="0" total="2" passed="2" failed="0" skipped="0">
  <reporter-output>
  </reporter-output>
  <suite started-at="2026-02-20T00:13:14 IST" name=" Group Suite" finished-at="2026-02-20T00:13:54 IST" duration-ms="39808">
    <groups>
      <group name="Master">
        <method signature="TC001AccountRegistrationTest.verify_accountRegistration()[pri:0, instance:testCases.TC001AccountRegistrationTest@223d2c72]" name="verify_accountRegistration" class="testCases.TC001AccountRegistrationTest"/>
        <method signature="TC002_LoginTest.verify_Login()[pri:0, instance:testCases.TC002_LoginTest@7f3b84b8]" name="verify_Login" class="testCases.TC002_LoginTest"/>
      </group> <!-- Master -->
      <group name="Sanity">
        <method signature="TC002_LoginTest.verify_Login()[pri:0, instance:testCases.TC002_LoginTest@7f3b84b8]" name="verify_Login" class="testCases.TC002_LoginTest"/>
      </group> <!-- Sanity -->
      <group name="Regression">
        <method signature="TC001AccountRegistrationTest.verify_accountRegistration()[pri:0, instance:testCases.TC001AccountRegistrationTest@223d2c72]" name="verify_accountRegistration" class="testCases.TC001AccountRegistrationTest"/>
      </group> <!-- Regression -->
    </groups>
    <test started-at="2026-02-20T00:13:14 IST" name="Test" finished-at="2026-02-20T00:13:54 IST" duration-ms="39808">
      <class name="testCases.TC002_LoginTest">
        <test-method is-config="true" signature="setup(java.lang.String)[pri:0, instance:testCases.TC002_LoginTest@7f3b84b8]" started-at="2026-02-20T00:13:36 IST" name="setup" finished-at="2026-02-20T00:13:48 IST" duration-ms="12193" status="PASS">
          <params>
            <param index="0">
              <value>
                <![CDATA[chrome]]>
              </value>
            </param>
          </params>
          <reporter-output>
          </reporter-output>
        </test-method> <!-- setup -->
        <test-method signature="verify_Login()[pri:0, instance:testCases.TC002_LoginTest@7f3b84b8]" started-at="2026-02-20T00:13:48 IST" name="verify_Login" finished-at="2026-02-20T00:13:53 IST" duration-ms="4893" status="PASS">
          <reporter-output>
          </reporter-output>
        </test-method> <!-- verify_Login -->
        <test-method is-config="true" signature="tear()[pri:0, instance:testCases.TC002_LoginTest@7f3b84b8]" started-at="2026-02-20T00:13:53 IST" name="tear" finished-at="2026-02-20T00:13:54 IST" duration-ms="606" status="PASS">
          <reporter-output>
          </reporter-output>
        </test-method> <!-- tear -->
      </class> <!-- testCases.TC002_LoginTest -->
      <class name="testCases.TC001AccountRegistrationTest">
        <test-method is-config="true" signature="setup(java.lang.String)[pri:0, instance:testCases.TC001AccountRegistrationTest@223d2c72]" started-at="2026-02-20T00:13:15 IST" name="setup" finished-at="2026-02-20T00:13:28 IST" duration-ms="13367" status="PASS">
          <params>
            <param index="0">
              <value>
                <![CDATA[chrome]]>
              </value>
            </param>
          </params>
          <reporter-output>
          </reporter-output>
        </test-method> <!-- setup -->
        <test-method signature="verify_accountRegistration()[pri:0, instance:testCases.TC001AccountRegistrationTest@223d2c72]" started-at="2026-02-20T00:13:29 IST" name="verify_accountRegistration" finished-at="2026-02-20T00:13:35 IST" duration-ms="6254" status="PASS">
          <reporter-output>
          </reporter-output>
        </test-method> <!-- verify_accountRegistration -->
        <test-method is-config="true" signature="tear()[pri:0, instance:testCases.TC001AccountRegistrationTest@223d2c72]" started-at="2026-02-20T00:13:35 IST" name="tear" finished-at="2026-02-20T00:13:36 IST" duration-ms="1163" status="PASS">
          <reporter-output>
          </reporter-output>
        </test-method> <!-- tear -->
      </class> <!-- testCases.TC001AccountRegistrationTest -->
    </test> <!-- Test -->
  </suite> <!--  Group Suite -->
</testng-results>
